<?xml version="1.0" encoding="UTF-8"?>
<testsuite name="TestStringAndMapBuilders" tests="1" skipped="0" failures="0" errors="0" timestamp="2021-05-27T15:58:53" hostname="is-0068" time="0.004">
  <properties/>
  <testcase name="testBuildMap" classname="TestStringAndMapBuilders" time="0.004"/>
  <system-out><![CDATA[]]></system-out>
  <system-err><![CDATA[]]></system-err>
</testsuite>
