<?xml version="1.0" encoding="UTF-8"?>
<testsuite name="TestFlatMap" tests="2" skipped="0" failures="0" errors="0" timestamp="2021-05-26T15:23:16" hostname="is-0068" time="0.043">
  <properties/>
  <testcase name="testGetOrderedProductsSet" classname="TestFlatMap" time="0.041"/>
  <testcase name="testGetAllOrderedProducts" classname="TestFlatMap" time="0.002"/>
  <system-out><![CDATA[]]></system-out>
  <system-err><![CDATA[]]></system-err>
</testsuite>
