<?xml version="1.0" encoding="UTF-8"?>
<testsuite name="TestIntroduction" tests="1" skipped="0" failures="0" errors="0" timestamp="2021-05-26T09:43:59" hostname="is-0068" time="0.038">
  <properties/>
  <testcase name="testSetOfCustomers" classname="TestIntroduction" time="0.038"/>
  <system-out><![CDATA[]]></system-out>
  <system-err><![CDATA[]]></system-err>
</testsuite>
