<?xml version="1.0" encoding="UTF-8"?>
<testsuite name="TestAssociate" tests="3" skipped="0" failures="0" errors="0" timestamp="2021-05-26T10:14:22" hostname="is-0068" time="0.032">
  <properties/>
  <testcase name="testAssociate" classname="TestAssociate" time="0.031"/>
  <testcase name="testAssociateBy" classname="TestAssociate" time="0.0"/>
  <testcase name="testAssociateWith" classname="TestAssociate" time="0.001"/>
  <system-out><![CDATA[]]></system-out>
  <system-err><![CDATA[]]></system-err>
</testsuite>
