<?xml version="1.0" encoding="UTF-8"?>
<testsuite name="TestSealedClasses" tests="3" skipped="0" failures="0" errors="0" timestamp="2021-05-26T08:08:33" hostname="is-0068" time="0.008">
  <properties/>
  <testcase name="testNum" classname="TestSealedClasses" time="0.006"/>
  <testcase name="testSum" classname="TestSealedClasses" time="0.001"/>
  <testcase name="testRecursion" classname="TestSealedClasses" time="0.001"/>
  <system-out><![CDATA[]]></system-out>
  <system-err><![CDATA[]]></system-err>
</testsuite>
