<?xml version="1.0" encoding="UTF-8"?>
<testsuite name="TestStringTemplates" tests="3" skipped="0" failures="0" errors="0" timestamp="2021-05-26T06:46:27" hostname="is-0068" time="0.004">
  <properties/>
  <testcase name="match1" classname="TestStringTemplates" time="0.003"/>
  <testcase name="match" classname="TestStringTemplates" time="0.0"/>
  <testcase name="doNotMatch" classname="TestStringTemplates" time="0.0"/>
  <system-out><![CDATA[]]></system-out>
  <system-err><![CDATA[]]></system-err>
</testsuite>
