<?xml version="1.0" encoding="UTF-8"?>
<testsuite name="TestExtensionFunctions" tests="2" skipped="0" failures="0" errors="0" timestamp="2021-05-26T08:22:34" hostname="is-0068" time="0.004">
  <properties/>
  <testcase name="testPairExtension" classname="TestExtensionFunctions" time="0.003"/>
  <testcase name="testIntExtension" classname="TestExtensionFunctions" time="0.0"/>
  <system-out><![CDATA[]]></system-out>
  <system-err><![CDATA[]]></system-err>
</testsuite>
