<?xml version="1.0" encoding="UTF-8"?>
<testsuite name="TestNamedArguments" tests="1" skipped="0" failures="0" errors="0" timestamp="2021-05-25T07:39:14" hostname="is-0068" time="0.021">
  <properties/>
  <testcase name="testJoinToString" classname="TestNamedArguments" time="0.021"/>
  <system-out><![CDATA[]]></system-out>
  <system-err><![CDATA[]]></system-err>
</testsuite>
