<?xml version="1.0" encoding="UTF-8"?>
<testsuite name="TestDataClasses" tests="2" skipped="0" failures="0" errors="0" timestamp="2021-05-26T07:11:02" hostname="is-0068" time="0.013">
  <properties/>
  <testcase name="testComparePeople" classname="TestDataClasses" time="0.002"/>
  <testcase name="testListOfPeople" classname="TestDataClasses" time="0.011"/>
  <system-out><![CDATA[]]></system-out>
  <system-err><![CDATA[]]></system-err>
</testsuite>
