<?xml version="1.0" encoding="UTF-8"?>
<testsuite name="TestSort" tests="1" skipped="0" failures="0" errors="0" timestamp="2021-05-26T09:54:34" hostname="is-0068" time="0.032">
  <properties/>
  <testcase name="testGetCustomersSortedByNumberOfOrders" classname="TestSort" time="0.032"/>
  <system-out><![CDATA[]]></system-out>
  <system-err><![CDATA[]]></system-err>
</testsuite>
