<?xml version="1.0" encoding="UTF-8"?>
<testsuite name="TestInvoke" tests="2" skipped="0" failures="0" errors="0" timestamp="2021-05-26T09:42:27" hostname="is-0068" time="0.005">
  <properties/>
  <testcase name="testInvokeTwice" classname="TestInvoke" time="0.004"/>
  <testcase name="testNumberOfInvocations" classname="TestInvoke" time="0.001"/>
  <system-out><![CDATA[]]></system-out>
  <system-err><![CDATA[]]></system-err>
</testsuite>
