<?xml version="1.0" encoding="UTF-8"?>
<testsuite name="Test" tests="1" skipped="0" failures="0" errors="0" timestamp="2021-05-26T06:40:24" hostname="is-0068" time="0.031">
  <properties/>
  <testcase name="testSolution" classname="Test" time="0.031"/>
  <system-out><![CDATA[]]></system-out>
  <system-err><![CDATA[]]></system-err>
</testsuite>
