<?xml version="1.0" encoding="UTF-8"?>
<testsuite name="TestDefaultAndNamedParams" tests="1" skipped="0" failures="0" errors="0" timestamp="2021-05-25T07:42:52" hostname="is-0068" time="0.015">
  <properties/>
  <testcase name="testDefaultAndNamedParams" classname="TestDefaultAndNamedParams" time="0.015"/>
  <system-out><![CDATA[]]></system-out>
  <system-err><![CDATA[]]></system-err>
</testsuite>
