<?xml version="1.0" encoding="UTF-8"?>
<testsuite name="TestSum" tests="2" skipped="0" failures="0" errors="0" timestamp="2021-05-26T10:06:19" hostname="is-0068" time="0.03">
  <properties/>
  <testcase name="testGetTotalOrderPrice" classname="TestSum" time="0.029"/>
  <testcase name="testGetTotalOrderPrice1" classname="TestSum" time="0.0"/>
  <system-out><![CDATA[]]></system-out>
  <system-err><![CDATA[]]></system-err>
</testsuite>
