<?xml version="1.0" encoding="UTF-8"?>
<testsuite name="TestExtensionsOnCollections" tests="4" skipped="0" failures="0" errors="0" timestamp="2021-05-27T08:46:58" hostname="is-0068" time="0.037">
  <properties/>
  <testcase name="testSimpleCollection" classname="TestExtensionsOnCollections" time="0.031"/>
  <testcase name="testCollectionWithEmptyStrings" classname="TestExtensionsOnCollections" time="0.001"/>
  <testcase name="testCollectionWithTwoGroupsOfMaximalSize" classname="TestExtensionsOnCollections" time="0.0"/>
  <testcase name="testCollectionOfOneElement" classname="TestExtensionsOnCollections" time="0.001"/>
  <system-out><![CDATA[]]></system-out>
  <system-err><![CDATA[]]></system-err>
</testsuite>
