<?xml version="1.0" encoding="UTF-8"?>
<testsuite name="TestDelegatesHowItWorks" tests="1" skipped="0" failures="0" errors="0" timestamp="2021-05-27T15:16:02" hostname="is-0068" time="0.011">
  <properties/>
  <testcase name="testDate" classname="TestDelegatesHowItWorks" time="0.011"/>
  <system-out><![CDATA[]]></system-out>
  <system-err><![CDATA[]]></system-err>
</testsuite>
