<?xml version="1.0" encoding="UTF-8"?>
<testsuite name="TestLambdas" tests="2" skipped="0" failures="0" errors="0" timestamp="2021-05-26T07:00:54" hostname="is-0068" time="0.019">
  <properties/>
  <testcase name="contains" classname="TestLambdas" time="0.018"/>
  <testcase name="notContains" classname="TestLambdas" time="0.001"/>
  <system-out><![CDATA[]]></system-out>
  <system-err><![CDATA[]]></system-err>
</testsuite>
